#
# There is insufficient memory for the Java Runtime Environment to continue.
# Native memory allocation (malloc) failed to allocate 1048576 bytes for AllocateHeap
# Possible reasons:
#   The system is out of physical RAM or swap space
#   In 32 bit mode, the process size limit was hit
# Possible solutions:
#   Reduce memory load on the system
#   Increase physical memory or swap space
#   Check if swap backing store is full
#   Use 64 bit Java on a 64 bit OS
#   Decrease Java heap size (-Xmx/-Xms)
#   Decrease number of Java threads
#   Decrease Java thread stack sizes (-Xss)
#   Set larger code cache with -XX:ReservedCodeCacheSize=
# This output file may be truncated or incomplete.
#
#  Out of Memory Error (memory/allocation.inline.hpp:61), pid=1012492, tid=0x00000000000f7bc8
#
# JRE version:  (8.0_131-b11) (build )
# Java VM: Java HotSpot(TM) 64-Bit Server VM (25.131-b11 mixed mode windows-amd64 compressed oops)
# Failed to write core dump. Minidumps are not enabled by default on client versions of Windows
#

---------------  T H R E A D  ---------------

Current thread (0x00000000023c0800):  JavaThread "Unknown thread" [_thread_in_vm, id=1014728, stack(0x00000000022c0000,0x00000000023c0000)]

Stack: [0x00000000022c0000,0x00000000023c0000]
[error occurred during error reporting (printing stack bounds), id 0xc0000005]

Native frames: (J=compiled Java code, j=interpreted, Vv=VM code, C=native code)


---------------  P R O C E S S  ---------------

Java Threads: ( => current thread )

Other Threads:

=>0x00000000023c0800 (exited) JavaThread "Unknown thread" [_thread_in_vm, id=1014728, stack(0x00000000022c0000,0x00000000023c0000)]

VM state:not at safepoint (normal execution)

VM Mutex/Monitor currently owned by a thread: None

Heap:
 PSYoungGen      total 76288K, used 1310K [0x000000076b400000, 0x0000000770900000, 0x00000007c0000000)
  eden space 65536K, 2% used [0x000000076b400000,0x000000076b547af0,0x000000076f400000)
  from space 10752K, 0% used [0x000000076fe80000,0x000000076fe80000,0x0000000770900000)
  to   space 10752K, 0% used [0x000000076f400000,0x000000076f400000,0x000000076fe80000)
 ParOldGen       total 175104K, used 0K [0x00000006c1c00000, 0x00000006cc700000, 0x000000076b400000)
  object space 175104K, 0% used [0x00000006c1c00000,0x00000006c1c00000,0x00000006cc700000)
 Metaspace       used 770K, capacity 4480K, committed 4480K, reserved 1056768K
  class space    used 75K, capacity 384K, committed 384K, reserved 1048576K

Card table byte_map: [0x0000000011880000,0x0000000012080000] byte_map_base: 0x000000000e272000

Marking Bits: (ParMarkBitMap*) 0x0000000062dbc720
 Begin Bits: [0x0000000012dd0000, 0x0000000016d60000)
 End Bits:   [0x0000000016d60000, 0x000000001acf0000)

Polling page: 0x0000000000bf0000

CodeCache: size=245760Kb used=328Kb max_used=328Kb free=245431Kb
 bounds [0x00000000024c0000, 0x0000000002730000, 0x00000000114c0000]
 total_blobs=58 nmethods=0 adapters=38
 compilation: enabled

Compilation events (0 events):
No events

GC Heap History (0 events):
No events

Deoptimization events (0 events):
No events

Internal exceptions (0 events):
No events

Events (10 events):
Event: 0.019 loading class java/lang/Short
Event: 0.019 loading class java/lang/Short done
Event: 0.019 loading class java/lang/Integer
Event: 0.019 loading class java/lang/Integer done
Event: 0.019 loading class java/lang/Long
Event: 0.019 loading class java/lang/Long done
Event: 0.019 loading class java/lang/NullPointerException
Event: 0.019 loading class java/lang/NullPointerException done
Event: 0.019 loading class java/lang/ArithmeticException
Event: 0.019 loading class java/lang/ArithmeticException done


Dynamic libraries:
0x00007ff7c3be0000 - 0x00007ff7c3c17000 	C:\Program Files\Java\jdk1.8.0_131\jre\bin\java.exe
0x00007ffc9e830000 - 0x00007ffc9ea01000 	C:\WINDOWS\SYSTEM32\ntdll.dll
0x00007ffc9d810000 - 0x00007ffc9d8bc000 	C:\WINDOWS\System32\KERNEL32.DLL
0x00007ffc86200000 - 0x00007ffc86233000 	C:\Program Files\AVAST Software\Avast\x64\aswhooka.dll
0x00007ffc9b850000 - 0x00007ffc9ba6d000 	C:\WINDOWS\System32\KERNELBASE.dll
0x00007ffc9e0d0000 - 0x00007ffc9e172000 	C:\WINDOWS\System32\ADVAPI32.dll
0x00007ffc9e730000 - 0x00007ffc9e7ce000 	C:\WINDOWS\System32\msvcrt.dll
0x00007ffc9e7d0000 - 0x00007ffc9e829000 	C:\WINDOWS\System32\sechost.dll
0x00007ffc9dc30000 - 0x00007ffc9dd51000 	C:\WINDOWS\System32\RPCRT4.dll
0x00007ffc9d8c0000 - 0x00007ffc9da25000 	C:\WINDOWS\System32\USER32.dll
0x00007ffc9ae10000 - 0x00007ffc9ae2e000 	C:\WINDOWS\System32\win32u.dll
0x00007ffc9d700000 - 0x00007ffc9d734000 	C:\WINDOWS\System32\GDI32.dll
0x00007ffc9b6c0000 - 0x00007ffc9b842000 	C:\WINDOWS\System32\gdi32full.dll
0x00007ffc90650000 - 0x00007ffc908ca000 	C:\WINDOWS\WinSxS\amd64_microsoft.windows.common-controls_6595b64144ccf1df_6.0.14393.953_none_42151e83c686086b\COMCTL32.dll
0x00007ffc9bdc0000 - 0x00007ffc9c088000 	C:\WINDOWS\System32\combase.dll
0x00007ffc9aee0000 - 0x00007ffc9afd5000 	C:\WINDOWS\System32\ucrtbase.dll
0x00007ffc9bd50000 - 0x00007ffc9bdba000 	C:\WINDOWS\System32\bcryptPrimitives.dll
0x00007ffc9e1f0000 - 0x00007ffc9e21e000 	C:\WINDOWS\System32\IMM32.DLL
0x00000000624c0000 - 0x0000000062592000 	C:\Program Files\Java\jdk1.8.0_131\jre\bin\msvcr100.dll
0x00000000625a0000 - 0x0000000062e3c000 	C:\Program Files\Java\jdk1.8.0_131\jre\bin\server\jvm.dll
0x00007ffc9df10000 - 0x00007ffc9df18000 	C:\WINDOWS\System32\PSAPI.DLL
0x00007ffc8b2e0000 - 0x00007ffc8b2e9000 	C:\WINDOWS\SYSTEM32\WSOCK32.dll
0x00007ffc9e180000 - 0x00007ffc9e1ea000 	C:\WINDOWS\System32\WS2_32.dll
0x00007ffc99140000 - 0x00007ffc99163000 	C:\WINDOWS\SYSTEM32\WINMM.dll
0x00007ffc8e960000 - 0x00007ffc8e96a000 	C:\WINDOWS\SYSTEM32\VERSION.dll
0x00007ffc990e0000 - 0x00007ffc9910b000 	C:\WINDOWS\SYSTEM32\WINMMBASE.dll
0x00007ffc9ad20000 - 0x00007ffc9ad62000 	C:\WINDOWS\System32\cfgmgr32.dll
0x0000000062470000 - 0x000000006247f000 	C:\Program Files\Java\jdk1.8.0_131\jre\bin\verify.dll
0x0000000062440000 - 0x0000000062469000 	C:\Program Files\Java\jdk1.8.0_131\jre\bin\java.dll
0x0000000062420000 - 0x0000000062436000 	C:\Program Files\Java\jdk1.8.0_131\jre\bin\zip.dll

VM Arguments:
java_command: <unknown>
java_class_path (initial): .
Launcher Type: SUN_STANDARD

Environment Variables:
PATH=C:\ProgramData\Oracle\Java\javapath;F:\oracle\product\10.2.0\client_3\bin;C:\WINDOWS\system32;C:\WINDOWS;C:\WINDOWS\System32\Wbem;C:\WINDOWS\System32\WindowsPowerShell\v1.0\;C:\Program Files (x86)\Skype\Phone\;C:\Program Files\Git\cmd;C:\Users\ttorquato\AppData\Local\Microsoft\WindowsApps;
USERNAME=ttorquato
OS=Windows_NT
PROCESSOR_IDENTIFIER=Intel64 Family 6 Model 94 Stepping 3, GenuineIntel



---------------  S Y S T E M  ---------------

OS: Windows 10.0 , 64 bit Build 14393 (10.0.14393.1198)

CPU:total 8 (initial active 8) (4 cores per cpu, 2 threads per core) family 6 model 94 stepping 3, cmov, cx8, fxsr, mmx, sse, sse2, sse3, ssse3, sse4.1, sse4.2, popcnt, avx, avx2, aes, clmul, erms, rtm, 3dnowpref, lzcnt, ht, tsc, tscinvbit, bmi1, bmi2, adx

Memory: 4k page, physical 16661748k(733328k free), swap 45965296k(5936k free)

vm_info: Java HotSpot(TM) 64-Bit Server VM (25.131-b11) for windows-amd64 JRE (1.8.0_131-b11), built on Mar 15 2017 01:23:53 by "java_re" with MS VC++ 10.0 (VS2010)

time: Wed May 24 14:01:43 2017
elapsed time: 0 seconds (0d 0h 0m 0s)

